[debug] [2021-01-29T08:40:39.879Z] ----------------------------------------------------------------------
[debug] [2021-01-29T08:40:39.885Z] Command:       /usr/bin/node /usr/local/bin/firebase init
[debug] [2021-01-29T08:40:39.885Z] CLI Version:   9.2.2
[debug] [2021-01-29T08:40:39.886Z] Platform:      linux
[debug] [2021-01-29T08:40:39.886Z] Node Version:  v12.18.2
[debug] [2021-01-29T08:40:39.887Z] Time:          Fri Jan 29 2021 14:10:39 GMT+0530 (India Standard Time)
[debug] [2021-01-29T08:40:39.887Z] ----------------------------------------------------------------------
[debug] [2021-01-29T08:40:39.887Z] 
[debug] [2021-01-29T08:40:39.899Z] > command requires scopes: ["email","openid","https://www.googleapis.com/auth/cloudplatformprojects.readonly","https://www.googleapis.com/auth/firebase","https://www.googleapis.com/auth/cloud-platform"]
[debug] [2021-01-29T08:40:39.900Z] > authorizing via signed-in user
[info] 
     ######## #### ########  ######## ########     ###     ######  ########
     ##        ##  ##     ## ##       ##     ##  ##   ##  ##       ##
     ######    ##  ########  ######   ########  #########  ######  ######
     ##        ##  ##    ##  ##       ##     ## ##     ##       ## ##
     ##       #### ##     ## ######## ########  ##     ##  ######  ########

You're about to initialize a Firebase project in this directory:

  /home/aravind/Documents/React/level 1/react-wedding-card/public

[info] 
=== Project Setup
[info] 
[info] First, let's associate this project directory with a Firebase project.
[info] You can create multiple project aliases by running firebase use --add, 
[info] but for now we'll just set up a default project.
[info] 
[debug] [2021-01-29T08:43:05.371Z] >>> [apiv2][query] GET https://firebase.googleapis.com/v1beta1/projects pageSize=100
[debug] [2021-01-29T08:43:06.106Z] <<< [apiv2][status] GET https://firebase.googleapis.com/v1beta1/projects 200
[debug] [2021-01-29T08:43:06.107Z] <<< [apiv2][body] GET https://firebase.googleapis.com/v1beta1/projects [omitted]
[info] i  Using project wedding-invitation-ec07d (wedding invitation) 
[info] 
=== Hosting Setup
[info] 
[info] Your public directory is the folder (relative to your project directory) that
[info] will contain Hosting assets to be uploaded with firebase deploy. If you
[info] have a build process for your assets, use your build's output directory.
[info] 
[info] ✔  Wrote public/404.html 
[debug] [2021-01-29T08:46:45.343Z] >>> [apiv2][query] GET https://www.gstatic.com/firebasejs/releases.json [none]
[debug] [2021-01-29T08:46:45.593Z] <<< [apiv2][status] GET https://www.gstatic.com/firebasejs/releases.json 200
[debug] [2021-01-29T08:46:45.596Z] <<< [apiv2][body] GET https://www.gstatic.com/firebasejs/releases.json {"current":{"version":"8.2.4","browserURL":"https://www.gstatic.com/firebasejs/8.2.4/firebase.js","packageURL":"https://www.gstatic.com/firebasejs/8.2.4/firebase.tgz"},"live":{"version":"8.2","browserURL":"https://www.gstatic.com/firebasejs/live/8.2/firebase.js","packageURL":"https://www.gstatic.com/firebasejs/live/8.2/firebase.tgz"},"components":{"analytics":"https://www.gstatic.com/firebasejs/8.2.4/firebase-analytics.js","app":"https://www.gstatic.com/firebasejs/8.2.4/firebase-app.js","auth":"https://www.gstatic.com/firebasejs/8.2.4/firebase-auth.js","database":"https://www.gstatic.com/firebasejs/8.2.4/firebase-database.js","firestore":"https://www.gstatic.com/firebasejs/8.2.4/firebase-firestore.js","functions":"https://www.gstatic.com/firebasejs/8.2.4/firebase-functions.js","installations":"https://www.gstatic.com/firebasejs/8.2.4/firebase-installations.js","messaging":"https://www.gstatic.com/firebasejs/8.2.4/firebase-messaging.js","storage":"https://www.gstatic.com/firebasejs/8.2.4/firebase-storage.js","performance":"https://www.gstatic.com/firebasejs/8.2.4/firebase-performance.js","remote-config":"https://www.gstatic.com/firebasejs/8.2.4/firebase-remote-config.js","firestore.memory":"https://www.gstatic.com/firebasejs/8.2.4/firebase-firestore.memory.js"}}
[info] i  Skipping write of public/index.html 
[info] 
[info] i  Detected a .git folder at /home/aravind/Documents/React/level 1/react-wedding-card 
[info] i  Authorizing with GitHub to upload your service account to a GitHub repository's secrets store. 
[info] 
[info] Visit this URL on this device to log in:
[info] https://github.com/login/oauth/authorize?client_id=89cf50f02ac6aaed3484&state=574386708&redirect_uri=http%3A%2F%2Flocalhost%3A9005&scope=read%3Auser%20repo%20public_repo
[info] 
[info] Waiting for authentication...
[debug] [2021-01-29T08:48:21.640Z] >>> HTTP REQUEST POST https://github.com/login/oauth/access_token  
 {"client_id":"89cf50f02ac6aaed3484","client_secret":"3330d14abc895d9a74d5f17cd7a00711fa2c5bf0","code":"459a324c3364ccf2b217","redirect_uri":"http://localhost:9005","state":"574386708"}
[debug] [2021-01-29T08:48:22.222Z] <<< HTTP RESPONSE 200 {"date":"Fri, 29 Jan 2021 08:48:22 GMT","content-type":"application/json; charset=utf-8","transfer-encoding":"chunked","server":"GitHub.com","status":"200 OK","vary":"X-PJAX, Accept-Encoding, Accept, X-Requested-With, Accept-Encoding","etag":"W/\"3ee127295ad3027f222bfac0c098ff2b\"","cache-control":"max-age=0, private, must-revalidate","strict-transport-security":"max-age=31536000; includeSubdomains; preload","x-frame-options":"deny","x-content-type-options":"nosniff","x-xss-protection":"1; mode=block","referrer-policy":"origin-when-cross-origin, strict-origin-when-cross-origin","expect-ct":"max-age=2592000, report-uri=\"https://api.github.com/_private/browser/errors\"","content-security-policy":"default-src 'none'; base-uri 'self'; block-all-mixed-content; connect-src 'self' uploads.github.com www.githubstatus.com collector.githubapp.com api.github.com github-cloud.s3.amazonaws.com github-production-repository-file-5c1aeb.s3.amazonaws.com github-production-upload-manifest-file-7fdce7.s3.amazonaws.com github-production-user-asset-6210df.s3.amazonaws.com cdn.optimizely.com logx.optimizely.com/v1/events wss://alive.github.com; font-src github.githubassets.com; form-action 'self' github.com gist.github.com; frame-ancestors 'none'; frame-src render.githubusercontent.com; img-src 'self' data: github.githubassets.com identicons.github.com collector.githubapp.com github-cloud.s3.amazonaws.com *.githubusercontent.com; manifest-src 'self'; media-src 'none'; script-src github.githubassets.com; style-src 'unsafe-inline' github.githubassets.com; worker-src github.com/socket-worker-5029ae85.js gist.github.com/socket-worker-5029ae85.js","x-github-request-id":"A1F8:225E:F7F5:11106:6013CBD5"}
[debug] [2021-01-29T08:48:22.224Z] >>> [apiv2][query] GET https://api.github.com/user [none]
[debug] [2021-01-29T08:48:22.630Z] <<< [apiv2][status] GET https://api.github.com/user 200
[debug] [2021-01-29T08:48:22.631Z] <<< [apiv2][body] GET https://api.github.com/user {"login":"Aravind-aravi","id":68644435,"node_id":"MDQ6VXNlcjY4NjQ0NDM1","avatar_url":"https://avatars.githubusercontent.com/u/68644435?v=4","gravatar_id":"","url":"https://api.github.com/users/Aravind-aravi","html_url":"https://github.com/Aravind-aravi","followers_url":"https://api.github.com/users/Aravind-aravi/followers","following_url":"https://api.github.com/users/Aravind-aravi/following{/other_user}","gists_url":"https://api.github.com/users/Aravind-aravi/gists{/gist_id}","starred_url":"https://api.github.com/users/Aravind-aravi/starred{/owner}{/repo}","subscriptions_url":"https://api.github.com/users/Aravind-aravi/subscriptions","organizations_url":"https://api.github.com/users/Aravind-aravi/orgs","repos_url":"https://api.github.com/users/Aravind-aravi/repos","events_url":"https://api.github.com/users/Aravind-aravi/events{/privacy}","received_events_url":"https://api.github.com/users/Aravind-aravi/received_events","type":"User","site_admin":false,"name":"Aravinda Swamy k","company":null,"blog":"","location":"chennai","email":null,"hireable":true,"bio":null,"twitter_username":null,"public_repos":15,"public_gists":0,"followers":0,"following":0,"created_at":"2020-07-22T11:22:30Z","updated_at":"2021-01-29T08:47:35Z","private_gists":0,"total_private_repos":0,"owned_private_repos":0,"disk_usage":53882,"collaborators":0,"two_factor_authentication":false,"plan":{"name":"free","space":976562499,"collaborators":0,"private_repos":10000}}
[info] 
[info] ✔  Success! Logged into GitHub as Aravind-aravi 
[info] 
[debug] [2021-01-29T08:48:49.884Z] >>> [apiv2][query] GET https://api.github.com/repos//actions/secrets/public-key type=owner
[debug] [2021-01-29T08:48:50.281Z] <<< [apiv2][status] GET https://api.github.com/repos//actions/secrets/public-key 404
[debug] [2021-01-29T08:48:50.282Z] <<< [apiv2][body] GET https://api.github.com/repos//actions/secrets/public-key {"message":"Not Found","documentation_url":"https://docs.github.com/rest"}
[debug] [2021-01-29T08:48:59.660Z] >>> [apiv2][query] GET https://api.github.com/repos/user/actions/secrets/public-key type=owner
[debug] [2021-01-29T08:48:59.980Z] <<< [apiv2][status] GET https://api.github.com/repos/user/actions/secrets/public-key 404
[debug] [2021-01-29T08:48:59.980Z] <<< [apiv2][body] GET https://api.github.com/repos/user/actions/secrets/public-key {"message":"Not Found","documentation_url":"https://docs.github.com/rest"}
